2019-07-11 22:31:15,813 Instabot Started
2019-07-11 22:31:17,818 Request returns 400 error!
2019-07-11 22:31:17,819 Instagram's error message: The password you entered is incorrect. Please try again.
2019-07-11 22:31:17,819 Error type: bad_password
2019-07-11 22:31:17,820 Username or password is incorrect.
2019-07-11 22:31:17,821 Not logged in!
2019-07-11 22:32:23,227 Instabot Started
2019-07-11 22:32:24,574 Logged-in successfully as 'digiadvert01@gmail.com'!
2019-07-11 22:32:26,075 Bot stopped. Worked: 0:00:02.849848
2019-07-11 22:32:26,075 Total requests: 5
2019-07-11 22:36:35,923 Instabot Started
2019-07-11 22:36:37,147 Logged-in successfully as 'digiadvert01@gmail.com'!
2019-07-11 22:36:38,766 Bot stopped. Worked: 0:04:15.540426
2019-07-11 22:36:38,768 Total requests: 7
2019-07-11 22:38:51,618 Instabot Started
2019-07-11 22:38:54,387 Logged-in successfully as 'digiadvert01@gmail.com'!
2019-07-11 22:43:00,963 Bot stopped. Worked: 0:10:37.737275
2019-07-11 22:43:00,963 Total requests: 9
2019-07-11 22:43:03,270 Instabot Started
2019-07-11 22:43:04,262 Logged-in successfully as 'digiadvert01@gmail.com'!
2019-07-11 22:43:05,618 Bot stopped. Worked: 0:10:42.392810
2019-07-11 22:43:05,618 Total requests: 11
2019-07-11 22:43:39,466 Instabot Started
2019-07-11 22:43:41,420 Logged-in successfully as 'digiadvert01@gmail.com'!
2019-07-11 22:49:33,750 Bot stopped. Worked: 0:17:10.525008
2019-07-11 22:49:33,751 Total requests: 14
2019-07-11 22:49:44,334 Instabot Started
2019-07-11 22:49:45,394 Logged-in successfully as 'digiadvert01@gmail.com'!
2019-07-11 22:52:34,479 Bot stopped. Worked: 0:20:11.253762
2019-07-11 22:52:34,480 Total requests: 20
2019-07-11 22:52:36,952 Instabot Started
2019-07-11 22:52:37,891 Logged-in successfully as 'digiadvert01@gmail.com'!
2019-07-11 22:53:50,270 Bot stopped. Worked: 0:21:27.044599
2019-07-11 22:53:50,270 Total requests: 26
2019-07-11 22:53:52,080 Instabot Started
2019-07-11 22:53:53,325 Logged-in successfully as 'digiadvert01@gmail.com'!
2019-07-11 22:55:09,449 Bot stopped. Worked: 0:22:46.224145
2019-07-11 22:55:09,450 Total requests: 32
2019-07-11 22:55:11,923 Instabot Started
2019-07-11 22:55:12,969 Logged-in successfully as 'digiadvert01@gmail.com'!
2019-07-11 22:56:10,633 Bot stopped. Worked: 0:23:47.408093
2019-07-11 22:56:10,634 Total requests: 38
2019-07-11 22:56:12,827 Instabot Started
2019-07-11 22:56:13,683 Logged-in successfully as 'digiadvert01@gmail.com'!
2019-07-11 22:57:07,409 Bot stopped. Worked: 0:24:44.184101
2019-07-11 22:57:07,410 Total requests: 44
2019-07-11 22:57:09,321 Instabot Started
2019-07-11 22:57:11,478 Logged-in successfully as 'digiadvert01@gmail.com'!
2019-07-11 22:59:02,908 Bot stopped. Worked: 0:26:39.682797
2019-07-11 22:59:02,909 Total requests: 50
2019-07-11 22:59:04,763 Instabot Started
2019-07-11 22:59:05,719 Logged-in successfully as 'digiadvert01@gmail.com'!
2019-07-11 23:00:31,725 Bot stopped. Worked: 0:28:08.499678
2019-07-11 23:00:31,726 Total requests: 56
2019-07-11 23:00:35,916 Instabot Started
2019-07-11 23:00:37,585 Logged-in successfully as 'digiadvert01@gmail.com'!
2019-07-11 23:01:33,233 Bot stopped. Worked: 0:29:10.007519
2019-07-11 23:01:33,234 Total requests: 62
2019-07-11 23:01:36,521 Instabot Started
2019-07-11 23:01:38,562 Logged-in successfully as 'digiadvert01@gmail.com'!
2019-07-11 23:02:54,046 Bot stopped. Worked: 0:30:30.820218
2019-07-11 23:02:54,047 Total requests: 68
2019-07-11 23:02:57,203 Instabot Started
2019-07-11 23:02:58,242 Logged-in successfully as 'digiadvert01@gmail.com'!
2019-07-11 23:03:44,355 Bot stopped. Worked: 0:31:21.129318
2019-07-11 23:03:44,356 Total requests: 73
2019-07-11 23:03:46,099 Instabot Started
2019-07-11 23:03:47,997 Logged-in successfully as 'digiadvert01@gmail.com'!
2019-07-11 23:05:13,590 Bot stopped. Worked: 0:32:50.365097
2019-07-11 23:05:13,591 Total requests: 79
2019-07-11 23:05:15,826 Instabot Started
2019-07-11 23:05:17,028 Logged-in successfully as 'digiadvert01@gmail.com'!
2019-07-11 23:12:09,197 Bot stopped. Worked: 0:39:45.972012
2019-07-11 23:12:09,199 Total follows: 1/350
2019-07-11 23:12:09,199 Total requests: 86
2019-07-11 23:12:11,938 Instabot Started
2019-07-11 23:12:16,507 Logged-in successfully as 'digiadvert01@gmail.com'!
2019-07-11 23:15:42,589 Bot stopped. Worked: 0:43:19.363454
2019-07-11 23:15:42,589 Total follows: 1/350
2019-07-11 23:15:42,590 Total messages: 1/300
2019-07-11 23:15:42,590 Total requests: 92
2019-07-11 23:15:45,899 Instabot Started
2019-07-11 23:15:48,132 Logged-in successfully as 'digiadvert01@gmail.com'!
2019-07-11 23:17:03,018 Instabot Started
2019-07-11 23:17:04,509 Logged-in successfully as 'digiadvert01@gmail.com'!
2019-07-11 23:43:03,975 Instabot Started
2019-07-11 23:43:14,250 Logged-in successfully as 'digiadvert01@gmail.com'!
2019-07-11 23:45:12,379 Bot stopped. Worked: 1:12:49.152449
2019-07-11 23:45:12,379 Total follows: 1/350
2019-07-11 23:45:12,380 Total messages: 4/300
2019-07-11 23:45:12,380 Total requests: 112
2019-07-11 23:45:14,459 Instabot Started
2019-07-11 23:45:15,678 Logged-in successfully as 'digiadvert01@gmail.com'!
2019-07-12 00:00:00,489 Bot stopped. Worked: 1:27:37.263282
2019-07-12 00:00:00,490 Total follows: 1/350
2019-07-12 00:00:00,491 Total messages: 4/300
2019-07-12 00:00:00,491 Total requests: 118
2019-07-12 00:02:56,150 Instabot Started
2019-07-12 00:02:57,403 Logged-in successfully as 'digiadvert01@gmail.com'!
2019-07-12 00:13:46,127 Bot stopped. Worked: 0:10:41.102926
2019-07-12 00:13:46,127 Total follows: 1/350
2019-07-12 00:13:46,128 Total requests: 125
2019-07-12 00:16:53,825 Instabot Started
2019-07-12 00:16:55,067 Logged-in successfully as 'digiadvert01@gmail.com'!
2019-07-12 00:17:50,333 Bot stopped. Worked: 0:14:45.308627
2019-07-12 00:17:50,333 Total follows: 1/350
2019-07-12 00:17:50,334 Total requests: 127
2019-07-12 00:17:52,413 Instabot Started
2019-07-12 00:17:53,706 Logged-in successfully as 'digiadvert01@gmail.com'!
2019-07-12 00:24:16,710 Bot stopped. Worked: 0:21:11.685697
2019-07-12 00:24:16,711 Total follows: 1/350
2019-07-12 00:24:16,711 Total requests: 129
2019-07-12 00:24:30,258 Instabot Started
2019-07-12 00:24:31,479 Logged-in successfully as 'digiadvert01@gmail.com'!
2019-07-12 00:24:38,253 Bot stopped. Worked: 0:21:33.228941
2019-07-12 00:24:38,253 Total follows: 1/350
2019-07-12 00:24:38,254 Total requests: 131
2019-07-12 00:25:09,349 Instabot Started
2019-07-12 00:25:10,601 Logged-in successfully as 'digiadvert01@gmail.com'!
2019-07-12 00:25:11,521 Going to follow 4 users.
2019-07-12 00:25:26,529 DONE: Now following 2 users in total.
2019-07-12 00:25:26,912 Bot stopped. Worked: 0:22:21.888084
2019-07-12 00:25:26,912 Total follows: 2/350
2019-07-12 00:25:26,912 Total requests: 141
2019-07-12 00:28:22,630 Instabot Started
2019-07-12 00:28:23,772 Logged-in successfully as 'digiadvert01@gmail.com'!
2019-07-12 00:28:25,156 Going to follow 4 users.
2019-07-12 00:28:40,300 DONE: Now following 3 users in total.
2019-07-12 00:30:51,135 Bot stopped. Worked: 0:27:46.110422
2019-07-12 00:30:51,136 Total follows: 3/350
2019-07-12 00:30:51,137 Total requests: 151
2019-07-12 00:30:53,224 Instabot Started
2019-07-12 00:30:54,373 Logged-in successfully as 'digiadvert01@gmail.com'!
2019-07-12 00:32:04,304 Bot stopped. Worked: 0:28:59.280081
2019-07-12 00:32:04,305 Total follows: 3/350
2019-07-12 00:32:04,305 Total messages: 2/300
2019-07-12 00:32:04,306 Total requests: 158
2019-07-12 00:32:08,915 Instabot Started
2019-07-12 00:32:10,079 Logged-in successfully as 'digiadvert01@gmail.com'!
2019-07-12 00:37:45,631 Bot stopped. Worked: 0:34:40.607059
2019-07-12 00:37:45,632 Total follows: 3/350
2019-07-12 00:37:45,632 Total messages: 6/300
2019-07-12 00:37:45,633 Total requests: 168
2019-07-12 00:37:47,735 Instabot Started
2019-07-12 00:37:48,954 Logged-in successfully as 'digiadvert01@gmail.com'!
2019-07-12 00:52:02,929 Bot stopped. Worked: 0:48:57.904200
2019-07-12 00:52:02,930 Total follows: 3/350
2019-07-12 00:52:02,930 Total messages: 6/300
2019-07-12 00:52:02,930 Total requests: 170
2019-07-12 00:52:09,462 Instabot Started
2019-07-12 00:52:10,683 Logged-in successfully as 'digiadvert01@gmail.com'!
2019-07-12 00:52:11,800 Going to follow 1 users.
2019-07-12 00:52:15,455 DONE: Now following 4 users in total.
2019-07-12 00:53:22,169 Bot stopped. Worked: 0:50:17.144734
2019-07-12 00:53:22,169 Total follows: 4/350
2019-07-12 00:53:22,170 Total messages: 7/300
2019-07-12 00:53:22,170 Total requests: 178
2019-07-12 00:53:24,181 Instabot Started
2019-07-12 00:53:25,480 Logged-in successfully as 'digiadverts'!
2019-07-12 00:53:26,446 Going to follow 1 users.
2019-07-12 00:53:31,922 DONE: Now following 1 users in total.
2019-07-12 00:55:28,022 Bot stopped. Worked: 0:02:03.843283
2019-07-12 00:55:28,023 Total follows: 1/350
2019-07-12 00:55:28,023 Total messages: 1/300
2019-07-12 00:55:28,024 Total requests: 11
2019-07-12 00:55:32,788 Instabot Started
2019-07-12 00:55:34,034 Logged-in successfully as 'digiadverts'!
2019-07-12 00:55:34,957 Going to follow 1 users.
2019-07-12 00:55:41,259 DONE: Now following 2 users in total.
2019-07-12 00:56:06,795 Bot stopped. Worked: 0:02:42.616425
2019-07-12 00:56:06,795 Total follows: 2/350
2019-07-12 00:56:06,796 Total messages: 2/300
2019-07-12 00:56:06,796 Total requests: 19
2019-07-12 01:03:23,090 Instabot Started
2019-07-12 01:03:24,261 Logged-in successfully as 'digiadverts'!
2019-07-12 01:05:42,451 Bot stopped. Worked: 0:12:18.271932
2019-07-12 01:05:42,451 Total follows: 2/350
2019-07-12 01:05:42,452 Total messages: 2/300
2019-07-12 01:05:42,452 Total requests: 21
2019-07-12 01:07:27,353 Instabot Started
2019-07-12 01:07:28,571 Logged-in successfully as 'digiadverts'!
2019-07-12 01:07:29,894 Going to follow 3 users.
2019-07-12 01:07:40,858 DONE: Now following 2 users in total.
2019-07-12 01:07:42,009 Bot stopped. Worked: 0:14:17.829939
2019-07-12 01:07:42,009 Total follows: 2/350
2019-07-12 01:07:42,010 Total messages: 2/300
2019-07-12 01:07:42,010 Total requests: 29
2019-07-12 01:10:16,241 Instabot Started
2019-07-12 01:10:18,600 Logged-in successfully as 'digiadverts'!
2019-07-12 01:10:19,668 Going to follow 3 users.
2019-07-12 01:10:31,182 DONE: Now following 2 users in total.
2019-07-12 01:10:32,400 Bot stopped. Worked: 0:17:08.220753
2019-07-12 01:10:32,401 Total follows: 2/350
2019-07-12 01:10:32,401 Total messages: 2/300
2019-07-12 01:10:32,401 Total requests: 37
2019-07-12 01:12:17,098 Instabot Started
2019-07-12 01:12:18,275 Logged-in successfully as 'digiadverts'!
2019-07-12 01:12:19,178 Going to follow 3 users.
2019-07-12 01:12:29,743 DONE: Now following 2 users in total.
2019-07-12 01:13:39,186 Bot stopped. Worked: 0:20:15.007045
2019-07-12 01:13:39,187 Total follows: 2/350
2019-07-12 01:13:39,187 Total messages: 4/300
2019-07-12 01:13:39,188 Total requests: 46
2019-07-12 01:41:02,365 Instabot Started
2019-07-12 01:41:05,032 Logged-in successfully as 'digiadverts'!
2019-07-12 01:41:54,937 Bot stopped. Worked: 0:48:30.758491
2019-07-12 01:41:54,937 Total follows: 2/350
2019-07-12 01:41:54,938 Total messages: 4/300
2019-07-12 01:41:54,938 Total requests: 48
2019-07-12 01:41:57,815 Instabot Started
2019-07-12 01:41:58,989 Logged-in successfully as 'digiadverts'!
2019-07-12 01:46:06,487 Bot stopped. Worked: 0:52:42.308424
2019-07-12 01:46:06,488 Total follows: 2/350
2019-07-12 01:46:06,489 Total messages: 4/300
2019-07-12 01:46:06,489 Total requests: 50
2019-07-12 01:48:07,907 Instabot Started
2019-07-12 01:48:09,097 Logged-in successfully as 'digiadverts'!
2019-07-12 01:48:09,551 Bot stopped. Worked: 0:54:45.372384
2019-07-12 01:48:09,552 Total follows: 2/350
2019-07-12 01:48:09,552 Total messages: 4/300
2019-07-12 01:48:09,552 Total requests: 50
2019-07-12 01:49:59,244 Instabot Started
2019-07-12 01:50:00,410 Logged-in successfully as 'digiadverts'!
2019-07-12 01:52:43,612 Bot stopped. Worked: 0:59:19.433367
2019-07-12 01:52:43,612 Total follows: 2/350
2019-07-12 01:52:43,612 Total messages: 4/300
2019-07-12 01:52:43,613 Total requests: 52
2019-07-12 01:52:46,854 Instabot Started
2019-07-12 01:52:48,006 Logged-in successfully as 'digiadverts'!
2019-07-12 01:52:49,264 Going to follow 3 users.
2019-07-12 01:53:00,837 DONE: Now following 2 users in total.
2019-07-12 01:56:42,883 Bot stopped. Worked: 1:03:18.703799
2019-07-12 01:56:42,884 Total follows: 2/350
2019-07-12 01:56:42,884 Total messages: 7/300
2019-07-12 01:56:42,936 Total requests: 62
2019-07-12 01:56:54,417 Instabot Started
2019-07-12 01:56:55,540 Logged-in successfully as 'digiadverts'!
2019-07-12 01:56:56,669 Going to follow 4 users.
2019-07-12 01:57:11,304 DONE: Now following 2 users in total.
2019-07-12 01:59:06,220 Bot stopped. Worked: 1:05:42.041089
2019-07-12 01:59:06,221 Total follows: 2/350
2019-07-12 01:59:06,221 Total messages: 10/300
2019-07-12 01:59:06,222 Total requests: 74
2019-07-12 02:00:35,640 Instabot Started
2019-07-12 02:00:36,988 Logged-in successfully as 'digiadverts'!
2019-07-12 02:00:38,172 Going to follow 4 users.
2019-07-12 02:01:18,999 DONE: Now following 4 users in total.
2019-07-12 02:02:22,749 Bot stopped. Worked: 1:08:58.570442
2019-07-12 02:02:22,749 Total follows: 4/350
2019-07-12 02:02:22,750 Total messages: 12/300
2019-07-12 02:02:22,750 Total requests: 87
2019-07-16 21:06:12,463 Instabot Started
2019-07-16 21:07:32,476 Logged-in successfully as 'digiadverts'!
2019-07-16 21:08:14,627 Bot stopped. Worked: 4 days, 20:14:50.447736
2019-07-16 21:08:14,628 Total follows: 4/350
2019-07-16 21:08:14,628 Total messages: 12/300
2019-07-16 21:08:14,629 Total requests: 87
2019-07-16 21:28:52,342 Instabot Started
2019-07-16 21:37:49,554 Instabot Started
2019-07-16 21:42:44,755 Instabot Started
2019-07-16 21:43:04,175 Instabot Started
2019-07-16 21:44:29,770 Instabot Started
2019-07-16 22:07:13,595 Instabot Started
2019-07-16 22:10:33,604 Instabot Started
2019-07-16 22:11:41,122 Instabot Started
2019-07-16 22:13:26,185 Instabot Started
2019-07-16 22:17:19,253 Instabot Started
2019-07-16 22:19:34,938 Instabot Started
2019-07-16 22:22:29,319 Instabot Started
2019-07-16 22:26:11,414 Instabot Started
2019-07-16 22:56:18,578 Instabot Started
2019-07-16 22:56:55,728 Logged-in successfully as 'digiadverts'!
2019-07-16 22:57:12,321 Going to follow 6 users.
2019-07-16 22:57:36,659 DONE: Now following 0 users in total.
2019-07-16 22:59:26,121 Bot stopped. Worked: 0:02:13.800466
2019-07-16 22:59:26,122 Total messages: 1/300
2019-07-16 22:59:26,122 Total requests: 99
2019-07-16 22:59:59,470 Instabot Started
2019-07-16 23:00:21,059 Logged-in successfully as 'digiadverts'!
2019-07-16 23:03:59,192 ('Connection aborted.', TimeoutError(10060, 'A connection attempt failed because the connected party did not properly respond after a period of time, or established connection failed because connected host has failed to respond', None, 10060, None))
2019-07-16 23:03:59,193 Message to ['3863792709'] wasn't sent
2019-07-16 23:04:10,226 HTTPSConnectionPool(host='i.instagram.com', port=443): Max retries exceeded with url: /api/v1/users/arun_kumar01/usernameinfo/ (Caused by NewConnectionError('<urllib3.connection.VerifiedHTTPSConnection object at 0x06937730>: Failed to establish a new connection: [Errno 11001] getaddrinfo failed'))
2019-07-16 23:04:35,687 HTTPSConnectionPool(host='i.instagram.com', port=443): Max retries exceeded with url: /api/v1/direct_v2/threads/broadcast/text/ (Caused by NewConnectionError('<urllib3.connection.VerifiedHTTPSConnection object at 0x06937510>: Failed to establish a new connection: [Errno 11001] getaddrinfo failed'))
2019-07-16 23:04:35,688 Message to ['3863792709'] wasn't sent
2019-07-16 23:04:35,693 HTTPSConnectionPool(host='i.instagram.com', port=443): Max retries exceeded with url: /api/v1/users/bala_______111/usernameinfo/ (Caused by NewConnectionError('<urllib3.connection.VerifiedHTTPSConnection object at 0x069379D0>: Failed to establish a new connection: [Errno 11001] getaddrinfo failed'))
2019-07-16 23:05:19,832 HTTPSConnectionPool(host='i.instagram.com', port=443): Max retries exceeded with url: /api/v1/direct_v2/threads/broadcast/text/ (Caused by NewConnectionError('<urllib3.connection.VerifiedHTTPSConnection object at 0x069375B0>: Failed to establish a new connection: [Errno 11001] getaddrinfo failed'))
2019-07-16 23:05:19,833 Message to ['3863792709'] wasn't sent
2019-07-16 23:11:33,989 Bot stopped. Worked: 0:14:21.668239
2019-07-16 23:11:33,989 Total messages: 4/300
2019-07-16 23:11:33,990 Total requests: 111
2019-07-16 23:11:40,185 Instabot Started
2019-07-16 23:12:04,148 Logged-in successfully as 'digiadverts'!
2019-07-16 23:14:08,728 Going to follow 6 users.
2019-07-16 23:14:23,066 DONE: Now following 0 users in total.
2019-07-16 23:16:12,086 Bot stopped. Worked: 0:18:59.765533
2019-07-16 23:16:12,087 Total messages: 10/300
2019-07-16 23:16:12,087 Total requests: 128
2019-07-16 23:16:39,493 Instabot Started
2019-07-16 23:17:47,949 Instabot Started
2019-07-16 23:21:01,084 Instabot Started
2019-07-16 23:21:17,708 Instabot Started
2019-07-16 23:21:38,967 Instabot Started
2019-07-16 23:22:07,590 Instabot Started
2019-07-16 23:23:15,097 Instabot Started
2019-07-16 23:23:38,058 Instabot Started
2019-07-16 23:23:53,576 Instabot Started
2019-07-16 23:24:08,509 Instabot Started
2019-07-16 23:24:35,840 Instabot Started
2019-07-16 23:24:52,832 Instabot Started
2019-07-16 23:25:18,210 Instabot Started
2019-07-16 23:26:49,908 Instabot Started
2019-07-16 23:26:59,664 Request returns 400 error!
2019-07-16 23:26:59,665 Instagram's error message: The password you entered is incorrect. Please try again.
2019-07-16 23:26:59,665 Error type: bad_password
2019-07-16 23:26:59,666 Username or password is incorrect.
2019-07-16 23:27:29,110 Instabot Started
2019-07-16 23:27:37,344 Request returns 400 error!
2019-07-16 23:27:37,344 Instagram's error message: To secure your account, we've reset your password. Tap "Get help signing in" on the login screen and follow the instructions to access your account.
2019-07-16 23:27:37,345 Error type: unusable_password
2019-07-16 23:27:37,345 Username or password is incorrect.
2019-07-16 23:28:03,737 Logged-in successfully as 'digiadverts'!
2019-07-16 23:28:29,344 Bot stopped. Worked: 0:31:17.023462
2019-07-16 23:28:29,344 Total messages: 10/300
2019-07-16 23:28:29,345 Total requests: 128
2019-07-16 23:29:20,818 Instabot Started
2019-07-16 23:29:39,776 Request returns 400 error!
2019-07-16 23:29:39,776 Instagram's error message: The password you entered is incorrect. Please try again.
2019-07-16 23:29:39,777 Error type: bad_password
2019-07-16 23:29:39,777 Username or password is incorrect.
2019-07-16 23:29:48,386 Logged-in successfully as 'digiadverts'!
2019-07-16 23:30:00,394 Bot stopped. Worked: 0:32:48.073263
2019-07-16 23:30:00,394 Total messages: 10/300
2019-07-16 23:30:00,395 Total requests: 128
2019-07-16 23:30:10,110 Instabot Started
2019-07-16 23:30:28,705 Logged-in successfully as 'digiadverts'!
2019-07-16 23:31:44,547 Bot stopped. Worked: 0:34:32.225962
2019-07-16 23:31:44,548 Total messages: 10/300
2019-07-16 23:31:44,548 Total requests: 128
2019-07-16 23:31:47,464 Instabot Started
2019-07-16 23:31:52,784 Request returns 400 error!
2019-07-16 23:31:52,784 Instagram's error message: To secure your account, we've reset your password. Tap "Get help signing in" on the login screen and follow the instructions to access your account.
2019-07-16 23:31:52,785 Error type: unusable_password
2019-07-16 23:31:52,785 Username or password is incorrect.
2019-07-16 23:32:16,041 Instabot Started
2019-07-16 23:32:20,353 Request returns 400 error!
2019-07-16 23:32:20,354 Instagram's error message: Invalid Parameters
2019-07-16 23:32:20,354 Error type: missing_parameters
2019-07-16 23:32:20,354 Username or password is incorrect.
